Analysis & Synthesis report for finalexam
Fri Jun 14 08:33:43 2024
Quartus II 64-Bit Version 13.0.0 Build 156 04/24/2013 SJ Full Version


---------------------
; Table of Contents ;
---------------------
  1. Legal Notice
  2. Analysis & Synthesis Summary
  3. Analysis & Synthesis Settings
  4. Parallel Compilation
  5. Analysis & Synthesis Source Files Read
  6. Analysis & Synthesis Resource Usage Summary
  7. Analysis & Synthesis Resource Utilization by Entity
  8. Registers Removed During Synthesis
  9. General Register Statistics
 10. Inverted Register Statistics
 11. Parameter Settings for User Entity Instance: shunxumaichong:inst52|74161:inst
 12. Elapsed Time Per Partition
 13. Analysis & Synthesis Messages



----------------
; Legal Notice ;
----------------
Copyright (C) 1991-2013 Altera Corporation
Your use of Altera Corporation's design tools, logic functions 
and other software and tools, and its AMPP partner logic 
functions, and any output files from any of the foregoing 
(including device programming or simulation files), and any 
associated documentation or information are expressly subject 
to the terms and conditions of the Altera Program License 
Subscription Agreement, Altera MegaCore Function License 
Agreement, or other applicable license agreement, including, 
without limitation, that your use is for the sole purpose of 
programming logic devices manufactured by Altera and sold by 
Altera or its authorized distributors.  Please refer to the 
applicable agreement for further details.



+----------------------------------------------------------------------------------+
; Analysis & Synthesis Summary                                                     ;
+------------------------------------+---------------------------------------------+
; Analysis & Synthesis Status        ; Successful - Fri Jun 14 08:33:43 2024       ;
; Quartus II 64-Bit Version          ; 13.0.0 Build 156 04/24/2013 SJ Full Version ;
; Revision Name                      ; finalexam                                   ;
; Top-level Entity Name              ; text                                        ;
; Family                             ; Cyclone IV E                                ;
; Total logic elements               ; 164                                         ;
;     Total combinational functions  ; 150                                         ;
;     Dedicated logic registers      ; 88                                          ;
; Total registers                    ; 88                                          ;
; Total pins                         ; 26                                          ;
; Total virtual pins                 ; 0                                           ;
; Total memory bits                  ; 0                                           ;
; Embedded Multiplier 9-bit elements ; 0                                           ;
; Total PLLs                         ; 0                                           ;
+------------------------------------+---------------------------------------------+


+----------------------------------------------------------------------------------------------------------------------+
; Analysis & Synthesis Settings                                                                                        ;
+----------------------------------------------------------------------------+--------------------+--------------------+
; Option                                                                     ; Setting            ; Default Value      ;
+----------------------------------------------------------------------------+--------------------+--------------------+
; Device                                                                     ; EP4CE6E22C8        ;                    ;
; Top-level entity name                                                      ; text               ; finalexam          ;
; Family name                                                                ; Cyclone IV E       ; Cyclone IV GX      ;
; Use smart compilation                                                      ; Off                ; Off                ;
; Enable parallel Assembler and TimeQuest Timing Analyzer during compilation ; On                 ; On                 ;
; Enable compact report table                                                ; Off                ; Off                ;
; Restructure Multiplexers                                                   ; Auto               ; Auto               ;
; Create Debugging Nodes for IP Cores                                        ; Off                ; Off                ;
; Preserve fewer node names                                                  ; On                 ; On                 ;
; Disable OpenCore Plus hardware evaluation                                  ; Off                ; Off                ;
; Verilog Version                                                            ; Verilog_2001       ; Verilog_2001       ;
; VHDL Version                                                               ; VHDL_1993          ; VHDL_1993          ;
; State Machine Processing                                                   ; Auto               ; Auto               ;
; Safe State Machine                                                         ; Off                ; Off                ;
; Extract Verilog State Machines                                             ; On                 ; On                 ;
; Extract VHDL State Machines                                                ; On                 ; On                 ;
; Ignore Verilog initial constructs                                          ; Off                ; Off                ;
; Iteration limit for constant Verilog loops                                 ; 5000               ; 5000               ;
; Iteration limit for non-constant Verilog loops                             ; 250                ; 250                ;
; Add Pass-Through Logic to Inferred RAMs                                    ; On                 ; On                 ;
; Infer RAMs from Raw Logic                                                  ; On                 ; On                 ;
; Parallel Synthesis                                                         ; On                 ; On                 ;
; DSP Block Balancing                                                        ; Auto               ; Auto               ;
; NOT Gate Push-Back                                                         ; On                 ; On                 ;
; Power-Up Don't Care                                                        ; On                 ; On                 ;
; Remove Redundant Logic Cells                                               ; Off                ; Off                ;
; Remove Duplicate Registers                                                 ; On                 ; On                 ;
; Ignore CARRY Buffers                                                       ; Off                ; Off                ;
; Ignore CASCADE Buffers                                                     ; Off                ; Off                ;
; Ignore GLOBAL Buffers                                                      ; Off                ; Off                ;
; Ignore ROW GLOBAL Buffers                                                  ; Off                ; Off                ;
; Ignore LCELL Buffers                                                       ; Off                ; Off                ;
; Ignore SOFT Buffers                                                        ; On                 ; On                 ;
; Limit AHDL Integers to 32 Bits                                             ; Off                ; Off                ;
; Optimization Technique                                                     ; Balanced           ; Balanced           ;
; Carry Chain Length                                                         ; 70                 ; 70                 ;
; Auto Carry Chains                                                          ; On                 ; On                 ;
; Auto Open-Drain Pins                                                       ; On                 ; On                 ;
; Perform WYSIWYG Primitive Resynthesis                                      ; Off                ; Off                ;
; Auto ROM Replacement                                                       ; On                 ; On                 ;
; Auto RAM Replacement                                                       ; On                 ; On                 ;
; Auto DSP Block Replacement                                                 ; On                 ; On                 ;
; Auto Shift Register Replacement                                            ; Auto               ; Auto               ;
; Allow Shift Register Merging across Hierarchies                            ; Auto               ; Auto               ;
; Auto Clock Enable Replacement                                              ; On                 ; On                 ;
; Strict RAM Replacement                                                     ; Off                ; Off                ;
; Allow Synchronous Control Signals                                          ; On                 ; On                 ;
; Force Use of Synchronous Clear Signals                                     ; Off                ; Off                ;
; Auto RAM Block Balancing                                                   ; On                 ; On                 ;
; Auto RAM to Logic Cell Conversion                                          ; Off                ; Off                ;
; Auto Resource Sharing                                                      ; Off                ; Off                ;
; Allow Any RAM Size For Recognition                                         ; Off                ; Off                ;
; Allow Any ROM Size For Recognition                                         ; Off                ; Off                ;
; Allow Any Shift Register Size For Recognition                              ; Off                ; Off                ;
; Use LogicLock Constraints during Resource Balancing                        ; On                 ; On                 ;
; Ignore translate_off and synthesis_off directives                          ; Off                ; Off                ;
; Timing-Driven Synthesis                                                    ; On                 ; On                 ;
; Report Parameter Settings                                                  ; On                 ; On                 ;
; Report Source Assignments                                                  ; On                 ; On                 ;
; Report Connectivity Checks                                                 ; On                 ; On                 ;
; Ignore Maximum Fan-Out Assignments                                         ; Off                ; Off                ;
; Synchronization Register Chain Length                                      ; 2                  ; 2                  ;
; PowerPlay Power Optimization                                               ; Normal compilation ; Normal compilation ;
; HDL message level                                                          ; Level2             ; Level2             ;
; Suppress Register Optimization Related Messages                            ; Off                ; Off                ;
; Number of Removed Registers Reported in Synthesis Report                   ; 5000               ; 5000               ;
; Number of Swept Nodes Reported in Synthesis Report                         ; 5000               ; 5000               ;
; Number of Inverted Registers Reported in Synthesis Report                  ; 100                ; 100                ;
; Clock MUX Protection                                                       ; On                 ; On                 ;
; Auto Gated Clock Conversion                                                ; Off                ; Off                ;
; Block Design Naming                                                        ; Auto               ; Auto               ;
; SDC constraint protection                                                  ; Off                ; Off                ;
; Synthesis Effort                                                           ; Auto               ; Auto               ;
; Shift Register Replacement - Allow Asynchronous Clear Signal               ; On                 ; On                 ;
; Pre-Mapping Resynthesis Optimization                                       ; Off                ; Off                ;
; Analysis & Synthesis Message Level                                         ; Medium             ; Medium             ;
; Disable Register Merging Across Hierarchies                                ; Auto               ; Auto               ;
; Resource Aware Inference For Block RAM                                     ; On                 ; On                 ;
; Synthesis Seed                                                             ; 1                  ; 1                  ;
+----------------------------------------------------------------------------+--------------------+--------------------+


+------------------------------------------+
; Parallel Compilation                     ;
+----------------------------+-------------+
; Processors                 ; Number      ;
+----------------------------+-------------+
; Number detected on machine ; 16          ;
; Maximum allowed            ; 12          ;
;                            ;             ;
; Average used               ; 1.00        ;
; Maximum used               ; 2           ;
;                            ;             ;
; Usage by Processor         ; % Time Used ;
;     Processor 1            ; 100.0%      ;
;     Processor 2            ; < 0.1%      ;
;     Processors 3-16        ;   0.0%      ;
+----------------------------+-------------+


+-----------------------------------------------------------------------------------------------------------------------------------------------------------------+
; Analysis & Synthesis Source Files Read                                                                                                                          ;
+----------------------------------+-----------------+------------------------------------+-------------------------------------------------------------+---------+
; File Name with User-Entered Path ; Used in Netlist ; File Type                          ; File Name with Absolute Path                                ; Library ;
+----------------------------------+-----------------+------------------------------------+-------------------------------------------------------------+---------+
; cnt100.bdf                       ; yes             ; User Block Diagram/Schematic File  ; E:/Quartus13.0_project/final exam/cnt100.bdf                ;         ;
; cnt25.bdf                        ; yes             ; User Block Diagram/Schematic File  ; E:/Quartus13.0_project/final exam/cnt25.bdf                 ;         ;
; cnt2.bdf                         ; yes             ; User Block Diagram/Schematic File  ; E:/Quartus13.0_project/final exam/cnt2.bdf                  ;         ;
; mxh.bdf                          ; yes             ; User Block Diagram/Schematic File  ; E:/Quartus13.0_project/final exam/mxh.bdf                   ;         ;
; jianfa.bdf                       ; yes             ; User Block Diagram/Schematic File  ; E:/Quartus13.0_project/final exam/jianfa.bdf                ;         ;
; jianfa20.bdf                     ; yes             ; User Block Diagram/Schematic File  ; E:/Quartus13.0_project/final exam/jianfa20.bdf              ;         ;
; shunxumaichong.bdf               ; yes             ; User Block Diagram/Schematic File  ; E:/Quartus13.0_project/final exam/shunxumaichong.bdf        ;         ;
; text.bdf                         ; yes             ; User Block Diagram/Schematic File  ; E:/Quartus13.0_project/final exam/text.bdf                  ;         ;
; 74160.bdf                        ; yes             ; Megafunction                       ; d:/quartus13.0/quartus/libraries/others/maxplus2/74160.bdf  ;         ;
; 74190.bdf                        ; yes             ; Megafunction                       ; d:/quartus13.0/quartus/libraries/others/maxplus2/74190.bdf  ;         ;
; 74153.bdf                        ; yes             ; Megafunction                       ; d:/quartus13.0/quartus/libraries/others/maxplus2/74153.bdf  ;         ;
; 7448.bdf                         ; yes             ; Megafunction                       ; d:/quartus13.0/quartus/libraries/others/maxplus2/7448.bdf   ;         ;
; 74138.bdf                        ; yes             ; Megafunction                       ; d:/quartus13.0/quartus/libraries/others/maxplus2/74138.bdf  ;         ;
; 74161.tdf                        ; yes             ; Megafunction                       ; d:/quartus13.0/quartus/libraries/others/maxplus2/74161.tdf  ;         ;
; aglobal.inc                      ; yes             ; Megafunction                       ; d:/quartus13.0/quartus/libraries/megafunctions/aglobal.inc  ;         ;
; f74161.bdf                       ; yes             ; Megafunction                       ; d:/quartus13.0/quartus/libraries/others/maxplus2/f74161.bdf ;         ;
+----------------------------------+-----------------+------------------------------------+-------------------------------------------------------------+---------+


+------------------------------------------------------------+
; Analysis & Synthesis Resource Usage Summary                ;
+---------------------------------------------+--------------+
; Resource                                    ; Usage        ;
+---------------------------------------------+--------------+
; Estimated Total logic elements              ; 164          ;
;                                             ;              ;
; Total combinational functions               ; 150          ;
; Logic element usage by number of LUT inputs ;              ;
;     -- 4 input functions                    ; 68           ;
;     -- 3 input functions                    ; 58           ;
;     -- <=2 input functions                  ; 24           ;
;                                             ;              ;
; Logic elements by mode                      ;              ;
;     -- normal mode                          ; 150          ;
;     -- arithmetic mode                      ; 0            ;
;                                             ;              ;
; Total registers                             ; 88           ;
;     -- Dedicated logic registers            ; 88           ;
;     -- I/O registers                        ; 0            ;
;                                             ;              ;
; I/O pins                                    ; 26           ;
; Embedded Multiplier 9-bit elements          ; 0            ;
; Maximum fan-out node                        ; clk_in~input ;
; Maximum fan-out                             ; 30           ;
; Total fan-out                               ; 719          ;
; Average fan-out                             ; 2.48         ;
+---------------------------------------------+--------------+


+-----------------------------------------------------------------------------------------------------------------------------------------------------------------------------------------------------------+
; Analysis & Synthesis Resource Utilization by Entity                                                                                                                                                       ;
+----------------------------+-------------------+--------------+-------------+--------------+---------+-----------+------+--------------+---------------------------------------------------+--------------+
; Compilation Hierarchy Node ; LC Combinationals ; LC Registers ; Memory Bits ; DSP Elements ; DSP 9x9 ; DSP 18x18 ; Pins ; Virtual Pins ; Full Hierarchy Name                               ; Library Name ;
+----------------------------+-------------------+--------------+-------------+--------------+---------+-----------+------+--------------+---------------------------------------------------+--------------+
; |text                      ; 150 (34)          ; 88 (16)      ; 0           ; 0            ; 0       ; 0         ; 26   ; 0            ; |text                                             ;              ;
;    |74160:inst151|         ; 4 (4)             ; 4 (4)        ; 0           ; 0            ; 0       ; 0         ; 0    ; 0            ; |text|74160:inst151                               ;              ;
;    |74160:inst300|         ; 4 (4)             ; 4 (4)        ; 0           ; 0            ; 0       ; 0         ; 0    ; 0            ; |text|74160:inst300                               ;              ;
;    |7448:inst15|           ; 12 (12)           ; 0 (0)        ; 0           ; 0            ; 0       ; 0         ; 0    ; 0            ; |text|7448:inst15                                 ;              ;
;    |cnt100:inst4|          ; 10 (0)            ; 8 (0)        ; 0           ; 0            ; 0       ; 0         ; 0    ; 0            ; |text|cnt100:inst4                                ;              ;
;       |74160:inst1|        ; 6 (6)             ; 4 (4)        ; 0           ; 0            ; 0       ; 0         ; 0    ; 0            ; |text|cnt100:inst4|74160:inst1                    ;              ;
;       |74160:inst|         ; 4 (4)             ; 4 (4)        ; 0           ; 0            ; 0       ; 0         ; 0    ; 0            ; |text|cnt100:inst4|74160:inst                     ;              ;
;    |cnt100:inst5|          ; 10 (0)            ; 8 (0)        ; 0           ; 0            ; 0       ; 0         ; 0    ; 0            ; |text|cnt100:inst5                                ;              ;
;       |74160:inst1|        ; 6 (6)             ; 4 (4)        ; 0           ; 0            ; 0       ; 0         ; 0    ; 0            ; |text|cnt100:inst5|74160:inst1                    ;              ;
;       |74160:inst|         ; 4 (4)             ; 4 (4)        ; 0           ; 0            ; 0       ; 0         ; 0    ; 0            ; |text|cnt100:inst5|74160:inst                     ;              ;
;    |cnt2:inst141|          ; 1 (1)             ; 1 (1)        ; 0           ; 0            ; 0       ; 0         ; 0    ; 0            ; |text|cnt2:inst141                                ;              ;
;    |jianfa20:inst146|      ; 21 (1)            ; 8 (0)        ; 0           ; 0            ; 0       ; 0         ; 0    ; 0            ; |text|jianfa20:inst146                            ;              ;
;       |74190:inst4|        ; 14 (14)           ; 4 (4)        ; 0           ; 0            ; 0       ; 0         ; 0    ; 0            ; |text|jianfa20:inst146|74190:inst4                ;              ;
;       |74190:inst5|        ; 6 (6)             ; 4 (4)        ; 0           ; 0            ; 0       ; 0         ; 0    ; 0            ; |text|jianfa20:inst146|74190:inst5                ;              ;
;    |jianfa:inst35|         ; 5 (2)             ; 3 (0)        ; 0           ; 0            ; 0       ; 0         ; 0    ; 0            ; |text|jianfa:inst35                               ;              ;
;       |74190:inst|         ; 3 (3)             ; 3 (3)        ; 0           ; 0            ; 0       ; 0         ; 0    ; 0            ; |text|jianfa:inst35|74190:inst                    ;              ;
;    |mxh:inst18|            ; 46 (0)            ; 33 (0)       ; 0           ; 0            ; 0       ; 0         ; 0    ; 0            ; |text|mxh:inst18                                  ;              ;
;       |cnt100:inst2|       ; 10 (0)            ; 8 (0)        ; 0           ; 0            ; 0       ; 0         ; 0    ; 0            ; |text|mxh:inst18|cnt100:inst2                     ;              ;
;          |74160:inst1|     ; 6 (6)             ; 4 (4)        ; 0           ; 0            ; 0       ; 0         ; 0    ; 0            ; |text|mxh:inst18|cnt100:inst2|74160:inst1         ;              ;
;          |74160:inst|      ; 4 (4)             ; 4 (4)        ; 0           ; 0            ; 0       ; 0         ; 0    ; 0            ; |text|mxh:inst18|cnt100:inst2|74160:inst          ;              ;
;       |cnt100:inst4|       ; 10 (0)            ; 8 (0)        ; 0           ; 0            ; 0       ; 0         ; 0    ; 0            ; |text|mxh:inst18|cnt100:inst4                     ;              ;
;          |74160:inst1|     ; 6 (6)             ; 4 (4)        ; 0           ; 0            ; 0       ; 0         ; 0    ; 0            ; |text|mxh:inst18|cnt100:inst4|74160:inst1         ;              ;
;          |74160:inst|      ; 4 (4)             ; 4 (4)        ; 0           ; 0            ; 0       ; 0         ; 0    ; 0            ; |text|mxh:inst18|cnt100:inst4|74160:inst          ;              ;
;       |cnt100:inst|        ; 10 (0)            ; 8 (0)        ; 0           ; 0            ; 0       ; 0         ; 0    ; 0            ; |text|mxh:inst18|cnt100:inst                      ;              ;
;          |74160:inst1|     ; 6 (6)             ; 4 (4)        ; 0           ; 0            ; 0       ; 0         ; 0    ; 0            ; |text|mxh:inst18|cnt100:inst|74160:inst1          ;              ;
;          |74160:inst|      ; 4 (4)             ; 4 (4)        ; 0           ; 0            ; 0       ; 0         ; 0    ; 0            ; |text|mxh:inst18|cnt100:inst|74160:inst           ;              ;
;       |cnt25:inst3|        ; 15 (3)            ; 8 (0)        ; 0           ; 0            ; 0       ; 0         ; 0    ; 0            ; |text|mxh:inst18|cnt25:inst3                      ;              ;
;          |74160:inst2|     ; 7 (7)             ; 4 (4)        ; 0           ; 0            ; 0       ; 0         ; 0    ; 0            ; |text|mxh:inst18|cnt25:inst3|74160:inst2          ;              ;
;          |74160:inst|      ; 5 (5)             ; 4 (4)        ; 0           ; 0            ; 0       ; 0         ; 0    ; 0            ; |text|mxh:inst18|cnt25:inst3|74160:inst           ;              ;
;       |cnt2:inst5|         ; 1 (1)             ; 1 (1)        ; 0           ; 0            ; 0       ; 0         ; 0    ; 0            ; |text|mxh:inst18|cnt2:inst5                       ;              ;
;    |shunxumaichong:inst52| ; 3 (0)             ; 3 (0)        ; 0           ; 0            ; 0       ; 0         ; 0    ; 0            ; |text|shunxumaichong:inst52                       ;              ;
;       |74161:inst|         ; 3 (0)             ; 3 (0)        ; 0           ; 0            ; 0       ; 0         ; 0    ; 0            ; |text|shunxumaichong:inst52|74161:inst            ;              ;
;          |f74161:sub|      ; 3 (3)             ; 3 (3)        ; 0           ; 0            ; 0       ; 0         ; 0    ; 0            ; |text|shunxumaichong:inst52|74161:inst|f74161:sub ;              ;
+----------------------------+-------------------+--------------+-------------+--------------+---------+-----------+------+--------------+---------------------------------------------------+--------------+
Note: For table entries with two numbers listed, the numbers in parentheses indicate the number of resources of the given type used by the specific entity alone. The numbers listed outside of parentheses indicate the total resources of the given type used by the specific entity and all of its sub-entities in the hierarchy.


+--------------------------------------------------------------------------------+
; Registers Removed During Synthesis                                             ;
+---------------------------------------+----------------------------------------+
; Register name                         ; Reason for Removal                     ;
+---------------------------------------+----------------------------------------+
; jianfa:inst35|74190:inst|51           ; Stuck at GND due to stuck port data_in ;
; Total Number of Removed Registers = 1 ;                                        ;
+---------------------------------------+----------------------------------------+


+------------------------------------------------------+
; General Register Statistics                          ;
+----------------------------------------------+-------+
; Statistic                                    ; Value ;
+----------------------------------------------+-------+
; Total registers                              ; 88    ;
; Number of registers using Synchronous Clear  ; 0     ;
; Number of registers using Synchronous Load   ; 0     ;
; Number of registers using Asynchronous Clear ; 15    ;
; Number of registers using Asynchronous Load  ; 0     ;
; Number of registers using Clock Enable       ; 0     ;
; Number of registers using Preset             ; 0     ;
+----------------------------------------------+-------+


+--------------------------------------------------+
; Inverted Register Statistics                     ;
+----------------------------------------+---------+
; Inverted Register                      ; Fan out ;
+----------------------------------------+---------+
; jianfa:inst35|74190:inst|50            ; 4       ;
; jianfa:inst35|74190:inst|48            ; 5       ;
; Total number of inverted registers = 2 ;         ;
+----------------------------------------+---------+


+-------------------------------------------------------------------------------+
; Parameter Settings for User Entity Instance: shunxumaichong:inst52|74161:inst ;
+------------------------+--------------+---------------------------------------+
; Parameter Name         ; Value        ; Type                                  ;
+------------------------+--------------+---------------------------------------+
; DEVICE_FAMILY          ; Cyclone IV E ; Untyped                               ;
; AUTO_CARRY_CHAINS      ; ON           ; AUTO_CARRY                            ;
; IGNORE_CARRY_BUFFERS   ; OFF          ; IGNORE_CARRY                          ;
; AUTO_CASCADE_CHAINS    ; ON           ; AUTO_CASCADE                          ;
; IGNORE_CASCADE_BUFFERS ; OFF          ; IGNORE_CASCADE                        ;
+------------------------+--------------+---------------------------------------+
Note: In order to hide this table in the UI and the text report file, please set the "Show Parameter Settings in Synthesis Report" option in "Analysis and Synthesis Settings -> More Settings" to "Off".


+-------------------------------+
; Elapsed Time Per Partition    ;
+----------------+--------------+
; Partition Name ; Elapsed Time ;
+----------------+--------------+
; Top            ; 00:00:00     ;
+----------------+--------------+


+-------------------------------+
; Analysis & Synthesis Messages ;
+-------------------------------+
Info: *******************************************************************
Info: Running Quartus II 64-Bit Analysis & Synthesis
    Info: Version 13.0.0 Build 156 04/24/2013 SJ Full Version
    Info: Processing started: Fri Jun 14 08:33:41 2024
Info: Command: quartus_map --read_settings_files=on --write_settings_files=off finalexam -c finalexam
Info (11104): Parallel Compilation has detected 16 hyper-threaded processors. However, the extra hyper-threaded processors will not be used by default. Parallel Compilation will use 12 of the 12 physical processors detected instead.
Info (12021): Found 1 design units, including 1 entities, in source file cnt100.bdf
    Info (12023): Found entity 1: cnt100
Info (12021): Found 1 design units, including 1 entities, in source file cnt25.bdf
    Info (12023): Found entity 1: cnt25
Info (12021): Found 1 design units, including 1 entities, in source file cnt2.bdf
    Info (12023): Found entity 1: cnt2
Info (12021): Found 1 design units, including 1 entities, in source file mxh.bdf
    Info (12023): Found entity 1: mxh
Info (12021): Found 1 design units, including 1 entities, in source file trafficcontroller.bdf
    Info (12023): Found entity 1: trafficcontroller
Info (12021): Found 1 design units, including 1 entities, in source file jianfa.bdf
    Info (12023): Found entity 1: jianfa
Info (12021): Found 1 design units, including 1 entities, in source file jianfa20.bdf
    Info (12023): Found entity 1: jianfa20
Info (12021): Found 1 design units, including 1 entities, in source file shunxumaichong.bdf
    Info (12023): Found entity 1: shunxumaichong
Info (12021): Found 1 design units, including 1 entities, in source file mxh2.bdf
    Info (12023): Found entity 1: mxh2
Info (12021): Found 1 design units, including 1 entities, in source file text.bdf
    Info (12023): Found entity 1: text
Info (12127): Elaborating entity "text" for the top level hierarchy
Warning (275011): Block or symbol "NOT" of instance "inst2" overlaps another block or symbol
Warning (275011): Block or symbol "NOT" of instance "inst16" overlaps another block or symbol
Warning (275011): Block or symbol "NOT" of instance "inst33" overlaps another block or symbol
Warning (275011): Block or symbol "NOT" of instance "inst39" overlaps another block or symbol
Info (12128): Elaborating entity "74160" for hierarchy "74160:inst300"
Info (12130): Elaborated megafunction instantiation "74160:inst300"
Info (12128): Elaborating entity "jianfa" for hierarchy "jianfa:inst35"
Info (12128): Elaborating entity "74190" for hierarchy "jianfa:inst35|74190:inst"
Info (12130): Elaborated megafunction instantiation "jianfa:inst35|74190:inst"
Info (12128): Elaborating entity "74153" for hierarchy "74153:inst6"
Info (12130): Elaborated megafunction instantiation "74153:inst6"
Info (12128): Elaborating entity "mxh" for hierarchy "mxh:inst18"
Info (12128): Elaborating entity "cnt2" for hierarchy "mxh:inst18|cnt2:inst5"
Info (12128): Elaborating entity "cnt25" for hierarchy "mxh:inst18|cnt25:inst3"
Info (12128): Elaborating entity "cnt100" for hierarchy "mxh:inst18|cnt100:inst4"
Info (12128): Elaborating entity "jianfa20" for hierarchy "jianfa20:inst146"
Info (12128): Elaborating entity "7448" for hierarchy "7448:inst15"
Info (12130): Elaborated megafunction instantiation "7448:inst15"
Info (12128): Elaborating entity "shunxumaichong" for hierarchy "shunxumaichong:inst52"
Info (12128): Elaborating entity "74138" for hierarchy "shunxumaichong:inst52|74138:inst5"
Info (12130): Elaborated megafunction instantiation "shunxumaichong:inst52|74138:inst5"
Info (12128): Elaborating entity "74161" for hierarchy "shunxumaichong:inst52|74161:inst"
Info (12130): Elaborated megafunction instantiation "shunxumaichong:inst52|74161:inst"
Info (12128): Elaborating entity "f74161" for hierarchy "shunxumaichong:inst52|74161:inst|f74161:sub"
Info (12131): Elaborated megafunction instantiation "shunxumaichong:inst52|74161:inst|f74161:sub", which is child of megafunction instantiation "shunxumaichong:inst52|74161:inst"
Info (13014): Ignored 2 buffer(s)
    Info (13015): Ignored 2 CARRY buffer(s)
Info (13000): Registers with preset signals will power-up high
Info (13003): DEV_CLRn pin will set, and not reset, register with preset signal due to NOT Gate Push-Back
Warning (13004): Presettable and clearable registers converted to equivalent circuits with latches. Registers power-up to an undefined state, and DEVCLRn places the registers in an undefined state.
    Warning (13310): Register "jianfa20:inst146|74190:inst4|51" is converted into an equivalent circuit using register "jianfa20:inst146|74190:inst4|51~_emulated" and latch "jianfa20:inst146|74190:inst4|51~1"
    Warning (13310): Register "jianfa20:inst146|74190:inst4|49" is converted into an equivalent circuit using register "jianfa20:inst146|74190:inst4|49~_emulated" and latch "jianfa20:inst146|74190:inst4|49~1"
    Warning (13310): Register "jianfa20:inst146|74190:inst4|50" is converted into an equivalent circuit using register "jianfa20:inst146|74190:inst4|50~_emulated" and latch "jianfa20:inst146|74190:inst4|50~1"
    Warning (13310): Register "jianfa20:inst146|74190:inst4|48" is converted into an equivalent circuit using register "jianfa20:inst146|74190:inst4|48~_emulated" and latch "jianfa20:inst146|74190:inst4|48~1"
Info (286030): Timing-Driven Synthesis is running
Info (16010): Generating hard_block partition "hard_block:auto_generated_inst"
    Info (16011): Adding 0 node(s), including 0 DDIO, 0 PLL, 0 transceiver and 0 LCELL
Info (21057): Implemented 190 device resources after synthesis - the final resource count might be different
    Info (21058): Implemented 5 input pins
    Info (21059): Implemented 21 output pins
    Info (21061): Implemented 164 logic cells
Info: Quartus II 64-Bit Analysis & Synthesis was successful. 0 errors, 9 warnings
    Info: Peak virtual memory: 4640 megabytes
    Info: Processing ended: Fri Jun 14 08:33:43 2024
    Info: Elapsed time: 00:00:02
    Info: Total CPU time (on all processors): 00:00:01


